Copyright 1986-2022 Xilinx, Inc. All Rights Reserved. Copyright 2022-2026 Advanced Micro Devices, Inc. All Rights Reserved.
--------------------------------------------------------------------------------------------------------------------------------------------------------------------------------------------------
| Tool Version : Vivado v.2026.1 (win64) Build 6511674 Tue Jun 16 11:02:23 MDT 2026
| Date         : Fri Jul 17 20:28:15 2026
| Host         : Om running 64-bit major release  (build 9200)
| Command      : report_methodology -file arty_m4_ethernet_top_methodology_drc_routed.rpt -pb arty_m4_ethernet_top_methodology_drc_routed.pb -rpx arty_m4_ethernet_top_methodology_drc_routed.rpx
| Design       : arty_m4_ethernet_top
| Device       : xc7a100tcsg324-1
| Speed File   : -1
| Design State : Fully Routed
--------------------------------------------------------------------------------------------------------------------------------------------------------------------------------------------------

Report Methodology

Table of Contents
-----------------
1. REPORT SUMMARY
2. REPORT DETAILS

1. REPORT SUMMARY
-----------------
            Netlist: netlist
          Floorplan: design_1
      Design limits: <entire design considered>
             Max checks: <unlimited>
             Checks found: 27
+-----------+----------+---------------------------------------------+--------+
| Rule      | Severity | Description                                 | Checks |
+-----------+----------+---------------------------------------------+--------+
| LUTAR-1   | Warning  | LUT drives async reset alert                | 1      |
| TIMING-9  | Warning  | Unknown CDC Logic                           | 1      |
| TIMING-18 | Warning  | Missing input or output delay               | 23     |
| TIMING-23 | Warning  | Combinational loop found                    | 1      |
| ULMTCS-1  | Warning  | Control Sets use limits recommend reduction | 1      |
+-----------+----------+---------------------------------------------+--------+

2. REPORT DETAILS
-----------------
LUTAR-1#1 Warning
LUT drives async reset alert  
LUT cell u_reset/reset_ff1_i_1, with 2 or more inputs, drives asynchronous preset/clear pin(s) u_ref_clock/u_output_reset/reset_ff1_reg/PRE
u_ref_clock/u_output_reset/reset_ff2_reg/PRE. The LUT may glitch and trigger an unexpected reset, even if it is a properly timed path.
Related violations: <none>

TIMING-9#1 Warning
Unknown CDC Logic  
One or more asynchronous Clock Domain Crossing has been detected between 2 clock domains through a set_false_path or a set_clock_groups or set_max_delay -datapath_only constraint but no double-registers logic synchronizer has been found on the side of the capture clock. It is recommended to run report_cdc for a complete and detailed CDC coverage. Please consider using XPM_CDC to avoid Critical severities
Related violations: <none>

TIMING-18#1 Warning
Missing input or output delay  
An input delay is missing on btn[0] relative to the rising and/or falling clock edge(s) of sys_clk.
Related violations: <none>

TIMING-18#2 Warning
Missing input or output delay  
An input delay is missing on btn[1] relative to the rising and/or falling clock edge(s) of sys_clk.
Related violations: <none>

TIMING-18#3 Warning
Missing input or output delay  
An input delay is missing on btn[2] relative to the rising and/or falling clock edge(s) of sys_clk.
Related violations: <none>

TIMING-18#4 Warning
Missing input or output delay  
An input delay is missing on eth_col relative to the rising and/or falling clock edge(s) of sys_clk.
Related violations: <none>

TIMING-18#5 Warning
Missing input or output delay  
An input delay is missing on eth_mdio relative to the rising and/or falling clock edge(s) of sys_clk.
Related violations: <none>

TIMING-18#6 Warning
Missing input or output delay  
An input delay is missing on reset_btn relative to the rising and/or falling clock edge(s) of eth_rx_clk_in, eth_tx_clk_in, sys_clk.
Related violations: <none>

TIMING-18#7 Warning
Missing input or output delay  
An input delay is missing on sw[0] relative to the rising and/or falling clock edge(s) of sys_clk.
Related violations: <none>

TIMING-18#8 Warning
Missing input or output delay  
An input delay is missing on sw[1] relative to the rising and/or falling clock edge(s) of sys_clk.
Related violations: <none>

TIMING-18#9 Warning
Missing input or output delay  
An input delay is missing on sw[2] relative to the rising and/or falling clock edge(s) of sys_clk.
Related violations: <none>

TIMING-18#10 Warning
Missing input or output delay  
An input delay is missing on sw[3] relative to the rising and/or falling clock edge(s) of sys_clk.
Related violations: <none>

TIMING-18#11 Warning
Missing input or output delay  
An output delay is missing on eth_mdc relative to the rising and/or falling clock edge(s) of sys_clk.
Related violations: <none>

TIMING-18#12 Warning
Missing input or output delay  
An output delay is missing on eth_mdio relative to the rising and/or falling clock edge(s) of sys_clk.
Related violations: <none>

TIMING-18#13 Warning
Missing input or output delay  
An output delay is missing on eth_rstn relative to the rising and/or falling clock edge(s) of sys_clk.
Related violations: <none>

TIMING-18#14 Warning
Missing input or output delay  
An output delay is missing on eth_tx_en relative to the rising and/or falling clock edge(s) of eth_tx_clk_in.
Related violations: <none>

TIMING-18#15 Warning
Missing input or output delay  
An output delay is missing on eth_txd[0] relative to the rising and/or falling clock edge(s) of eth_tx_clk_in.
Related violations: <none>

TIMING-18#16 Warning
Missing input or output delay  
An output delay is missing on eth_txd[1] relative to the rising and/or falling clock edge(s) of eth_tx_clk_in.
Related violations: <none>

TIMING-18#17 Warning
Missing input or output delay  
An output delay is missing on eth_txd[2] relative to the rising and/or falling clock edge(s) of eth_tx_clk_in.
Related violations: <none>

TIMING-18#18 Warning
Missing input or output delay  
An output delay is missing on eth_txd[3] relative to the rising and/or falling clock edge(s) of eth_tx_clk_in.
Related violations: <none>

TIMING-18#19 Warning
Missing input or output delay  
An output delay is missing on led[0] relative to the rising and/or falling clock edge(s) of sys_clk.
Related violations: <none>

TIMING-18#20 Warning
Missing input or output delay  
An output delay is missing on led[1] relative to the rising and/or falling clock edge(s) of sys_clk.
Related violations: <none>

TIMING-18#21 Warning
Missing input or output delay  
An output delay is missing on led[2] relative to the rising and/or falling clock edge(s) of sys_clk.
Related violations: <none>

TIMING-18#22 Warning
Missing input or output delay  
An output delay is missing on led[3] relative to the rising and/or falling clock edge(s) of sys_clk.
Related violations: <none>

TIMING-18#23 Warning
Missing input or output delay  
An output delay is missing on uart_tx relative to the rising and/or falling clock edge(s) of sys_clk.
Related violations: <none>

TIMING-23#1 Warning
Combinational loop found  
A timing loop has been detected on a combinational path. A timing arc has been disabled between u_tx_fifo/crc_state_reg[31]_i_4/S[1] and u_tx_fifo/crc_state_reg[31]_i_4/CO[3] to disable the timing loop
Related violations: <none>

ULMTCS-1#1 Warning
Control Sets use limits recommend reduction  
This design uses 1628 control sets (vs. available limit of 15850, determined by 1 control set per CLB). This exceeds the control set use guideline of 7.5 percent. This is at a level where reduction is RECOMMENDED (see UG949). Use report_control_sets to get more details.
Related violations: <none>


