Copyright 1986-2022 Xilinx, Inc. All Rights Reserved. Copyright 2022-2026 Advanced Micro Devices, Inc. All Rights Reserved.
---------------------------------------------------------------------------------------------------------------------------------------------
| Tool Version : Vivado v.2026.1 (win64) Build 6511674 Tue Jun 16 11:02:23 MDT 2026
| Date         : Sat Jul 18 00:53:07 2026
| Host         : Om running 64-bit major release  (build 9200)
| Command      : report_cdc -details -file ../docs/cdc_milestone5.rpt
| Design       : arty_m5_camera_ethernet_top
| Device       : 7a100t-csg324
| Speed File   : -1  PRODUCTION 1.23 2018-06-13
| Design State : Routed
---------------------------------------------------------------------------------------------------------------------------------------------

CDC Report

ID      Severity  Count  Description
------  --------  -----  -------------------------------------------------------
CDC-1   Critical      4  1-bit unknown CDC circuitry
CDC-3   Info         16  1-bit synchronized with ASYNC_REG property
CDC-5   Warning       1  Multi-bit synchronized with missing ASYNC_REG property
CDC-6   Warning       6  Multi-bit synchronized with ASYNC_REG property
CDC-9   Info          1  Asynchronous reset synchronized with ASYNC_REG property
CDC-10  Critical      4  Combinational logic detected before a synchronizer
CDC-15  Warning      11  Clock enable controlled CDC structure detected

Source Clock: input port clock
Destination Clock: cam_pclk
CDC Type: No Common Primary Clock

Row  ID     Severity  Description                                              Depth  Exception   Source (From)  Destination (To)
---  -----  --------  -------------------------------------------------------  -----  ----------  -------------  --------------------------------
  1  CDC-9  Info      Asynchronous reset synchronized with ASYNC_REG property      2  False Path  reset_btn      u_camera_reset/reset_ff1_reg/PRE

Source Clock: sys_clk
Destination Clock: cam_pclk
CDC Type: No Common Primary Clock

Row  ID      Severity  Description                                         Depth  Exception            Source (From)                                                                                                  Destination (To)
---  ------  --------  --------------------------------------------------  -----  -------------------  -------------------------------------------------------------------------------------------------------------  -------------------------------------------------------------------------------------------------------------------------
  1  CDC-3   Info      1-bit synchronized with ASYNC_REG property              2  Asynch Clock Groups  g_buttons[1].u_button/g_filter.clean_out_reg/C                                                                 clear_camera_sync_reg[0]/D
  2  CDC-3   Info      1-bit synchronized with ASYNC_REG property              2  Asynch Clock Groups  u_camera_init/init_done_reg/C                                                                                  init_done_camera_sync_reg[0]/D
  3  CDC-6   Warning   Multi-bit synchronized with ASYNC_REG property          2  Asynch Clock Groups  u_camera_cdc/u_fifo/gnuram_async_fifo.xpm_fifo_base_inst/gen_cdc_pntr.rd_pntr_cdc_inst/src_gray_ff_reg[9:0]/C  u_camera_cdc/u_fifo/gnuram_async_fifo.xpm_fifo_base_inst/gen_cdc_pntr.rd_pntr_cdc_inst/dest_graysync_ff_reg[0][9:0]/D
  4  CDC-3   Info      1-bit synchronized with ASYNC_REG property              2  Asynch Clock Groups  u_camera_cdc/u_fifo/gnuram_async_fifo.xpm_fifo_base_inst/xpm_fifo_rst_inst/gen_rst_ic.fifo_rd_rst_ic_reg/C     u_camera_cdc/u_fifo/gnuram_async_fifo.xpm_fifo_base_inst/xpm_fifo_rst_inst/gen_rst_ic.rrst_wr_inst/syncstages_ff_reg[0]/D
  5  CDC-10  Critical  Combinational logic detected before a synchronizer      2  Asynch Clock Groups  u_camera_clock/clock_ready_reg/C                                                                               u_camera_reset/reset_ff1_reg/PRE

Source Clock: sys_clk
Destination Clock: clk_24mhz_mmcm
CDC Type: User Ignored

Row  ID      Severity  Description                                         Depth  Exception   Source (From)                   Destination (To)
---  ------  --------  --------------------------------------------------  -----  ----------  ------------------------------  ---------------------------------------------
  1  CDC-10  Critical  Combinational logic detected before a synchronizer      2  False Path  u_system_reset/reset_ff2_reg/C  u_camera_clock/u_xclk_reset/reset_ff1_reg/PRE

Source Clock: eth_tx_clk_in
Destination Clock: eth_rx_clk_in
CDC Type: No Common Primary Clock

Row  ID     Severity  Description                                     Depth  Exception            Source (From)                    Destination (To)
---  -----  --------  ----------------------------------------------  -----  -------------------  -------------------------------  -------------------------------------
  1  CDC-6  Warning   Multi-bit synchronized with ASYNC_REG property      2  Asynch Clock Groups  u_tx_fifo/read_gray_reg[11:0]/C  u_tx_fifo/read_gray_sync1_reg[11:0]/D

Source Clock: sys_clk
Destination Clock: eth_rx_clk_in
CDC Type: No Common Primary Clock

Row  ID      Severity  Description                                         Depth  Exception            Source (From)                                                                                                    Destination (To)
---  ------  --------  --------------------------------------------------  -----  -------------------  ---------------------------------------------------------------------------------------------------------------  --------------------------------------------------------------------------------------------------------------------------
  1  CDC-3   Info      1-bit synchronized with ASYNC_REG property              2  Asynch Clock Groups  g_buttons[1].u_button/g_filter.clean_out_reg/C                                                                   clear_rx_sync_reg[0]/D
  2  CDC-3   Info      1-bit synchronized with ASYNC_REG property              2  Asynch Clock Groups  u_phy_bringup/physts_reg[0]/C                                                                                    link_rx_sync_reg[0]/D
  3  CDC-10  Critical  Combinational logic detected before a synchronizer      2  Asynch Clock Groups  u_system_reset/reset_ff2_reg/C                                                                                   rx_reset_sync_reg[0]/D
  4  CDC-3   Info      1-bit synchronized with ASYNC_REG property              2  Asynch Clock Groups  g_switches[1].u_switch/g_filter.clean_out_reg/C                                                                  sw1_rx_sync_reg[0]/D
  5  CDC-3   Info      1-bit synchronized with ASYNC_REG property              2  Asynch Clock Groups  u_status_snapshot/request_toggle_reg/C                                                                           u_status_snapshot/request_sync_reg[0]/D
  6  CDC-6   Warning   Multi-bit synchronized with ASYNC_REG property          2  Asynch Clock Groups  u_stream_fifo/u_fifo/gnuram_async_fifo.xpm_fifo_base_inst/gen_cdc_pntr.wr_pntr_cdc_inst/src_gray_ff_reg[14:0]/C  u_stream_fifo/u_fifo/gnuram_async_fifo.xpm_fifo_base_inst/gen_cdc_pntr.wr_pntr_cdc_inst/dest_graysync_ff_reg[0][14:0]/D
  7  CDC-3   Info      1-bit synchronized with ASYNC_REG property              2  Asynch Clock Groups  u_stream_fifo/u_fifo/gnuram_async_fifo.xpm_fifo_base_inst/xpm_fifo_rst_inst/gen_rst_ic.fifo_wr_rst_ic_reg/C      u_stream_fifo/u_fifo/gnuram_async_fifo.xpm_fifo_base_inst/xpm_fifo_rst_inst/gen_rst_ic.wrst_rd_inst/syncstages_ff_reg[0]/D

Source Clock: eth_rx_clk_in
Destination Clock: eth_tx_clk_in
CDC Type: No Common Primary Clock

Row  ID      Severity  Description                                     Depth  Exception            Source (From)                                Destination (To)
---  ------  --------  ----------------------------------------------  -----  -------------------  -------------------------------------------  --------------------------------------
  1  CDC-1   Critical  1-bit unknown CDC circuitry                         0  Asynch Clock Groups  u_tx_fifo/memory_reg_896_959_0_2/RAMA/CLK    u_mii_tx/eth_txd_reg[0]/D
  2  CDC-1   Critical  1-bit unknown CDC circuitry                         0  Asynch Clock Groups  u_tx_fifo/memory_reg_960_1023_0_2/RAMB/CLK   u_mii_tx/eth_txd_reg[1]/D
  3  CDC-1   Critical  1-bit unknown CDC circuitry                         0  Asynch Clock Groups  u_tx_fifo/memory_reg_1280_1343_0_2/RAMC/CLK  u_mii_tx/eth_txd_reg[2]/D
  4  CDC-1   Critical  1-bit unknown CDC circuitry                         0  Asynch Clock Groups  u_tx_fifo/memory_reg_1856_1919_3_5/RAMA/CLK  u_mii_tx/eth_txd_reg[3]/D
  5  CDC-15  Warning   Clock enable controlled CDC structure detected      0  Asynch Clock Groups  u_tx_fifo/memory_reg_1664_1727_3_5/RAMB/CLK  u_mii_tx/saved_byte_reg[4]/D
  6  CDC-15  Warning   Clock enable controlled CDC structure detected      0  Asynch Clock Groups  u_tx_fifo/memory_reg_1472_1535_3_5/RAMC/CLK  u_mii_tx/saved_byte_reg[5]/D
  7  CDC-15  Warning   Clock enable controlled CDC structure detected      0  Asynch Clock Groups  u_tx_fifo/memory_reg_1920_1983_6_8/RAMA/CLK  u_mii_tx/saved_byte_reg[6]/D
  8  CDC-15  Warning   Clock enable controlled CDC structure detected      0  Asynch Clock Groups  u_tx_fifo/memory_reg_1088_1151_6_8/RAMB/CLK  u_mii_tx/saved_byte_reg[7]/D
  9  CDC-15  Warning   Clock enable controlled CDC structure detected      0  Asynch Clock Groups  u_tx_fifo/memory_reg_1408_1471_6_8/RAMC/CLK  u_mii_tx/saved_last_reg/D
 10  CDC-6   Warning   Multi-bit synchronized with ASYNC_REG property      2  Asynch Clock Groups  u_tx_fifo/write_gray_reg[11:0]/C             u_tx_fifo/write_gray_sync1_reg[11:0]/D

Source Clock: sys_clk
Destination Clock: eth_tx_clk_in
CDC Type: No Common Primary Clock

Row  ID      Severity  Description                                         Depth  Exception            Source (From)                   Destination (To)
---  ------  --------  --------------------------------------------------  -----  -------------------  ------------------------------  ----------------------
  1  CDC-10  Critical  Combinational logic detected before a synchronizer      2  Asynch Clock Groups  u_system_reset/reset_ff2_reg/C  tx_reset_sync_reg[0]/D

Source Clock: cam_pclk
Destination Clock: sys_clk
CDC Type: No Common Primary Clock

Row  ID      Severity  Description                                     Depth  Exception            Source (From)                                                                                                  Destination (To)
---  ------  --------  ----------------------------------------------  -----  -------------------  -------------------------------------------------------------------------------------------------------------  -------------------------------------------------------------------------------------------------------------------------
  1  CDC-6   Warning   Multi-bit synchronized with ASYNC_REG property      2  Asynch Clock Groups  u_camera_cdc/u_fifo/gnuram_async_fifo.xpm_fifo_base_inst/gen_cdc_pntr.wr_pntr_cdc_inst/src_gray_ff_reg[9:0]/C  u_camera_cdc/u_fifo/gnuram_async_fifo.xpm_fifo_base_inst/gen_cdc_pntr.wr_pntr_cdc_inst/dest_graysync_ff_reg[0][9:0]/D
  2  CDC-3   Info      1-bit synchronized with ASYNC_REG property          2  Asynch Clock Groups  u_camera_cdc/u_fifo/gnuram_async_fifo.xpm_fifo_base_inst/xpm_fifo_rst_inst/gen_rst_ic.fifo_wr_rst_ic_reg/C     u_camera_cdc/u_fifo/gnuram_async_fifo.xpm_fifo_base_inst/xpm_fifo_rst_inst/gen_rst_ic.wrst_rd_inst/syncstages_ff_reg[0]/D
  3  CDC-15  Warning   Clock enable controlled CDC structure detected      0  Asynch Clock Groups  u_capture/error_flags_reg[0]/C                                                                                 u_reporter/message_reg[16]/D
  4  CDC-15  Warning   Clock enable controlled CDC structure detected      0  Asynch Clock Groups  u_capture/error_flags_reg[0]/C                                                                                 u_reporter/message_reg[17]/D
  5  CDC-15  Warning   Clock enable controlled CDC structure detected      0  Asynch Clock Groups  u_capture/error_flags_reg[0]/C                                                                                 u_reporter/message_reg[18]/D
  6  CDC-15  Warning   Clock enable controlled CDC structure detected      0  Asynch Clock Groups  u_capture/error_flags_reg[0]/C                                                                                 u_reporter/message_reg[19]/D
  7  CDC-15  Warning   Clock enable controlled CDC structure detected      0  Asynch Clock Groups  u_capture/error_flags_reg[0]/C                                                                                 u_reporter/message_reg[20]/D
  8  CDC-15  Warning   Clock enable controlled CDC structure detected      0  Asynch Clock Groups  u_capture/error_flags_reg[0]/C                                                                                 u_reporter/message_reg[22]/D

Source Clock: eth_rx_clk_in
Destination Clock: sys_clk
CDC Type: No Common Primary Clock

Row  ID     Severity  Description                                             Depth  Exception            Source (From)                                                                                                    Destination (To)
---  -----  --------  ------------------------------------------------------  -----  -------------------  ---------------------------------------------------------------------------------------------------------------  --------------------------------------------------------------------------------------------------------------------------
  1  CDC-3  Info      1-bit synchronized with ASYNC_REG property                  2  Asynch Clock Groups  u_control_receiver/session_active_reg/C                                                                          session_active_sync_reg[0]/D
  2  CDC-3  Info      1-bit synchronized with ASYNC_REG property                  2  Asynch Clock Groups  u_control_receiver/session_stream_id_reg/C                                                                       session_stream_sync_reg[0]/D
  3  CDC-3  Info      1-bit synchronized with ASYNC_REG property                  2  Asynch Clock Groups  u_packetizer/stream_complete_reg/C                                                                               stream_complete_sync_reg[0]/D
  4  CDC-3  Info      1-bit synchronized with ASYNC_REG property                  2  Asynch Clock Groups  u_frame_tx/length_error_reg/C                                                                                    tx_length_system_sync_reg[0]/D
  5  CDC-3  Info      1-bit synchronized with ASYNC_REG property                  2  Asynch Clock Groups  u_status_snapshot/acknowledge_toggle_reg/C                                                                       u_status_snapshot/acknowledge_sync_reg[0]/D
  6  CDC-5  Warning   Multi-bit synchronized with missing ASYNC_REG property      2  Asynch Clock Groups  u_status_snapshot/source_latched_reg[223:0]/C                                                                    u_status_snapshot/bus_meta_reg[223:0]/D
  7  CDC-6  Warning   Multi-bit synchronized with ASYNC_REG property              2  Asynch Clock Groups  u_stream_fifo/u_fifo/gnuram_async_fifo.xpm_fifo_base_inst/gen_cdc_pntr.rd_pntr_cdc_inst/src_gray_ff_reg[14:0]/C  u_stream_fifo/u_fifo/gnuram_async_fifo.xpm_fifo_base_inst/gen_cdc_pntr.rd_pntr_cdc_inst/dest_graysync_ff_reg[0][14:0]/D
  8  CDC-3  Info      1-bit synchronized with ASYNC_REG property                  2  Asynch Clock Groups  u_stream_fifo/u_fifo/gnuram_async_fifo.xpm_fifo_base_inst/xpm_fifo_rst_inst/gen_rst_ic.fifo_rd_rst_ic_reg/C      u_stream_fifo/u_fifo/gnuram_async_fifo.xpm_fifo_base_inst/xpm_fifo_rst_inst/gen_rst_ic.rrst_wr_inst/syncstages_ff_reg[0]/D

Source Clock: eth_tx_clk_in
Destination Clock: sys_clk
CDC Type: No Common Primary Clock

Row  ID     Severity  Description                                 Depth  Exception            Source (From)            Destination (To)
---  -----  --------  ------------------------------------------  -----  -------------------  -----------------------  ---------------------------------
  1  CDC-3  Info      1-bit synchronized with ASYNC_REG property      2  Asynch Clock Groups  u_mii_tx/underrun_reg/C  mii_underrun_system_sync_reg[0]/D

