Copyright 1986-2022 Xilinx, Inc. All Rights Reserved. Copyright 2022-2026 Advanced Micro Devices, Inc. All Rights Reserved.
---------------------------------------------------------------------------------------------------------------------------------------------
| Tool Version : Vivado v.2026.1 (win64) Build 6511674 Tue Jun 16 11:02:23 MDT 2026
| Date         : Fri Jul 17 20:29:05 2026
| Host         : Om running 64-bit major release  (build 9200)
| Command      : report_timing_summary -file ../docs/timing_summary_milestone4.rpt
| Design       : arty_m4_ethernet_top
| Device       : 7a100t-csg324
| Speed File   : -1  PRODUCTION 1.23 2018-06-13
| Design State : Routed
---------------------------------------------------------------------------------------------------------------------------------------------

Timing Summary Report

------------------------------------------------------------------------------------------------
| Timer Settings
| --------------
------------------------------------------------------------------------------------------------

  Enable Multi Corner Analysis               :  Yes
  Enable Pessimism Removal                   :  Yes
  Pessimism Removal Resolution               :  Nearest Common Node
  Enable Input Delay Default Clock           :  No
  Enable Preset / Clear Arcs                 :  No
  Disable Flight Delays                      :  No
  Ignore I/O Paths                           :  No
  Timing Early Launch at Borrowing Latches   :  No
  Borrow Time for Max Delay Exceptions       :  Yes
  Merge Timing Exceptions                    :  Yes
  Inter-SLR Compensation                     :  Conservative

  Corner  Analyze    Analyze    
  Name    Max Paths  Min Paths  
  ------  ---------  ---------  
  Slow    Yes        Yes        
  Fast    Yes        Yes        


------------------------------------------------------------------------------------------------
| Report Methodology
| ------------------
------------------------------------------------------------------------------------------------

Rule       Severity  Description                                  Violations  
---------  --------  -------------------------------------------  ----------  
LUTAR-1    Warning   LUT drives async reset alert                 1           
TIMING-9   Warning   Unknown CDC Logic                            1           
TIMING-18  Warning   Missing input or output delay                23          
TIMING-23  Warning   Combinational loop found                     1           
ULMTCS-1   Warning   Control Sets use limits recommend reduction  1           

Note: This report is based on the most recent report_methodology run and may not be up-to-date. Run report_methodology on the current design for the latest report.



check_timing report

Table of Contents
-----------------
1. checking no_clock (0)
2. checking constant_clock (0)
3. checking pulse_width_clock (0)
4. checking unconstrained_internal_endpoints (0)
5. checking no_input_delay (8)
6. checking no_output_delay (9)
7. checking multiple_clock (0)
8. checking generated_clocks (0)
9. checking loops (6)
10. checking partial_input_delay (0)
11. checking partial_output_delay (0)
12. checking latch_loops (0)

1. checking no_clock (0)
------------------------
 There are 0 register/latch pins with no clock.


2. checking constant_clock (0)
------------------------------
 There are 0 register/latch pins with constant_clock.


3. checking pulse_width_clock (0)
---------------------------------
 There are 0 register/latch pins which need pulse_width check


4. checking unconstrained_internal_endpoints (0)
------------------------------------------------
 There are 0 pins that are not constrained for maximum delay.

 There are 0 pins that are not constrained for maximum delay due to constant clock.


5. checking no_input_delay (8)
------------------------------
 There are 8 input ports with no input delay specified. (HIGH)

 There are 0 input ports with no input delay but user has a false path constraint.


6. checking no_output_delay (9)
-------------------------------
 There are 8 ports with no output delay specified. (HIGH)

 There are 0 ports with no output delay but user has a false path constraint

 There is 1 port with no output delay but with a timing clock defined on it or propagating through it (LOW)


7. checking multiple_clock (0)
------------------------------
 There are 0 register/latch pins with multiple clocks.


8. checking generated_clocks (0)
--------------------------------
 There are 0 generated clocks that are not connected to a clock source.


9. checking loops (6)
---------------------
 There are 6 combinational loops in the design. (HIGH)


10. checking partial_input_delay (0)
------------------------------------
 There are 0 input ports with partial input delay specified.


11. checking partial_output_delay (0)
-------------------------------------
 There are 0 ports with partial output delay specified.


12. checking latch_loops (0)
----------------------------
 There are 0 combinational latch loops in the design through latch input



------------------------------------------------------------------------------------------------
| Design Timing Summary
| ---------------------
------------------------------------------------------------------------------------------------

    WNS(ns)      TNS(ns)  TNS Failing Endpoints  TNS Total Endpoints      WHS(ns)      THS(ns)  THS Failing Endpoints  THS Total Endpoints     WPWS(ns)     TPWS(ns)  TPWS Failing Endpoints  TPWS Total Endpoints  
    -------      -------  ---------------------  -------------------      -------      -------  ---------------------  -------------------     --------     --------  ----------------------  --------------------  
      1.477        0.000                      0                33424        0.057        0.000                      0                33424        3.000        0.000                       0                 14918  


All user specified timing constraints are met.


------------------------------------------------------------------------------------------------
| Clock Summary
| -------------
------------------------------------------------------------------------------------------------

Clock              Waveform(ns)       Period(ns)      Frequency(MHz)
-----              ------------       ----------      --------------
eth_rx_clk_in      {0.000 20.000}     40.000          25.000          
eth_tx_clk_in      {0.000 20.000}     40.000          25.000          
sys_clk            {0.000 5.000}      10.000          100.000         
  clk_25mhz_mmcm   {0.000 20.000}     40.000          25.000          
  clk_feedback     {0.000 5.000}      10.000          100.000         
  eth_ref_clk_out  {0.000 20.000}     40.000          25.000          


------------------------------------------------------------------------------------------------
| Intra Clock Table
| -----------------
------------------------------------------------------------------------------------------------

Clock                 WNS(ns)      TNS(ns)  TNS Failing Endpoints  TNS Total Endpoints      WHS(ns)      THS(ns)  THS Failing Endpoints  THS Total Endpoints     WPWS(ns)     TPWS(ns)  TPWS Failing Endpoints  TPWS Total Endpoints  
-----                 -------      -------  ---------------------  -------------------      -------      -------  ---------------------  -------------------     --------     --------  ----------------------  --------------------  
eth_rx_clk_in           4.338        0.000                      0                29939        0.057        0.000                      0                29939       18.750        0.000                       0                 13872  
eth_tx_clk_in           1.477        0.000                      0                  218        0.121        0.000                      0                  218       19.500        0.000                       0                    88  
sys_clk                 2.722        0.000                      0                 2117        0.068        0.000                      0                 2117        3.000        0.000                       0                   951  
  clk_25mhz_mmcm       37.143        0.000                      0                    2        0.131        0.000                      0                    2       19.500        0.000                       0                     5  
  clk_feedback                                                                                                                                                      8.751        0.000                       0                     2  


------------------------------------------------------------------------------------------------
| Inter Clock Table
| -----------------
------------------------------------------------------------------------------------------------

From Clock    To Clock          WNS(ns)      TNS(ns)  TNS Failing Endpoints  TNS Total Endpoints      WHS(ns)      THS(ns)  THS Failing Endpoints  THS Total Endpoints  
----------    --------          -------      -------  ---------------------  -------------------      -------      -------  ---------------------  -------------------  


------------------------------------------------------------------------------------------------
| Other Path Groups Table
| -----------------------
------------------------------------------------------------------------------------------------

Path Group         From Clock         To Clock               WNS(ns)      TNS(ns)  TNS Failing Endpoints  TNS Total Endpoints      WHS(ns)      THS(ns)  THS Failing Endpoints  THS Total Endpoints  
----------         ----------         --------               -------      -------  ---------------------  -------------------      -------      -------  ---------------------  -------------------  
**async_default**  sys_clk            clk_25mhz_mmcm           6.760        0.000                      0                    2        0.611        0.000                      0                    2  
**async_default**  eth_rx_clk_in      eth_rx_clk_in           26.955        0.000                      0                 1146        0.424        0.000                      0                 1146  


------------------------------------------------------------------------------------------------
| Timing Details
| --------------
------------------------------------------------------------------------------------------------


---------------------------------------------------------------------------------------------------
From Clock:  eth_rx_clk_in
  To Clock:  eth_rx_clk_in

Setup :            0  Failing Endpoints,  Worst Slack        4.338ns,  Total Violation        0.000ns
Hold  :            0  Failing Endpoints,  Worst Slack        0.057ns,  Total Violation        0.000ns
PW    :            0  Failing Endpoints,  Worst Slack       18.750ns,  Total Violation        0.000ns
---------------------------------------------------------------------------------------------------


Max Delay Paths
--------------------------------------------------------------------------------------
Slack (MET) :             4.338ns  (required time - arrival time)
  Source:                 eth_rxd[1]
                            (input port clocked by eth_rx_clk_in  {rise@0.000ns fall@20.000ns period=40.000ns})
  Destination:            u_mii_rx/byte_data_reg[5]_rep__1/D
                            (rising edge-triggered cell FDCE clocked by eth_rx_clk_in  {rise@0.000ns fall@20.000ns period=40.000ns})
  Path Group:             eth_rx_clk_in
  Path Type:              Setup (Max at Slow Process Corner)
  Requirement:            40.000ns  (eth_rx_clk_in rise@40.000ns - eth_rx_clk_in rise@0.000ns)
  Data Path Delay:        10.712ns  (logic 1.483ns (13.843%)  route 9.229ns (86.157%))
  Logic Levels:           1  (IBUF=1)
  Input Delay:            30.000ns
  Clock Path Skew:        5.153ns (DCD - SCD + CPR)
    Destination Clock Delay (DCD):    5.153ns = ( 45.153 - 40.000 ) 
    Source Clock Delay      (SCD):    0.000ns
    Clock Pessimism Removal (CPR):    0.000ns
  Clock Uncertainty:      0.035ns  ((TSJ^2 + TIJ^2)^1/2 + DJ) / 2 + PE
    Total System Jitter     (TSJ):    0.071ns
    Total Input Jitter      (TIJ):    0.000ns
    Discrete Jitter          (DJ):    0.000ns
    Phase Error              (PE):    0.000ns

    Location             Delay type                Incr(ns)  Path(ns)    Netlist Resource(s)
  -------------------------------------------------------------------    -------------------
                         (clock eth_rx_clk_in rise edge)
                                                      0.000     0.000 r  <hidden>
                         input delay                 30.000    30.000    <hidden>
    E17                                               0.000    30.000 r  eth_rxd[1]
                         net (fo=0)                   0.000    30.000    eth_rxd[1]
    E17                  IBUF (Prop_ibuf_I_O)         1.483    31.483 r  eth_rxd_IBUF[1]_inst/O
                         net (fo=25, routed)          9.229    40.712    u_mii_rx/eth_rxd_IBUF[1]
    SLICE_X5Y176         FDCE                                         r  u_mii_rx/byte_data_reg[5]_rep__1/D
  -------------------------------------------------------------------    -------------------

                         (clock eth_rx_clk_in rise edge)
                                                     40.000    40.000 r  <hidden>
    F15                                               0.000    40.000 r  eth_rx_clk
                         net (fo=0)                   0.000    40.000    eth_rx_clk
    F15                  IBUF (Prop_ibuf_I_O)         1.403    41.403 r  eth_rx_clk_IBUF_inst/O
                         net (fo=1, routed)           1.911    43.314    eth_rx_clk_IBUF
    BUFGCTRL_X0Y17       BUFG (Prop_bufg_I_O)         0.091    43.405 r  eth_rx_clk_IBUF_BUFG_inst/O
                         net (fo=13871, routed)       1.748    45.153    u_mii_rx/eth_rx_clk_IBUF_BUFG
    SLICE_X5Y176         FDCE                                         r  u_mii_rx/byte_data_reg[5]_rep__1/C
                         clock pessimism              0.000    45.153    <hidden>
                         clock uncertainty           -0.035    45.117    <hidden>
    SLICE_X5Y176         FDCE (Setup_fdce_C_D)       -0.067    45.050    u_mii_rx/byte_data_reg[5]_rep__1
  -------------------------------------------------------------------
                         required time                         45.050    <hidden>
                         arrival time                         -40.712    <hidden>
  -------------------------------------------------------------------
                         slack                                  4.338    <hidden>





Min Delay Paths
--------------------------------------------------------------------------------------
Slack (MET) :             0.057ns  (arrival time - required time)
  Source:                 u_mii_rx/byte_data_reg[5]_rep__6/C
                            (rising edge-triggered cell FDCE clocked by eth_rx_clk_in  {rise@0.000ns fall@20.000ns period=40.000ns})
  Destination:            u_frame_rx/memory_reg[482][5]/D
                            (rising edge-triggered cell FDRE clocked by eth_rx_clk_in  {rise@0.000ns fall@20.000ns period=40.000ns})
  Path Group:             eth_rx_clk_in
  Path Type:              Hold (Min at Fast Process Corner)
  Requirement:            0.000ns  (eth_rx_clk_in rise@0.000ns - eth_rx_clk_in rise@0.000ns)
  Data Path Delay:        0.390ns  (logic 0.164ns (42.005%)  route 0.226ns (57.995%))
  Logic Levels:           0  
  Clock Path Skew:        0.263ns (DCD - SCD - CPR)
    Destination Clock Delay (DCD):    2.065ns
    Source Clock Delay      (SCD):    1.548ns
    Clock Pessimism Removal (CPR):    0.255ns

    Location             Delay type                Incr(ns)  Path(ns)    Netlist Resource(s)
  -------------------------------------------------------------------    -------------------
                         (clock eth_rx_clk_in rise edge)
                                                      0.000     0.000 r  <hidden>
    F15                                               0.000     0.000 r  eth_rx_clk
                         net (fo=0)                   0.000     0.000    eth_rx_clk
    F15                  IBUF (Prop_ibuf_I_O)         0.241     0.241 r  eth_rx_clk_IBUF_inst/O
                         net (fo=1, routed)           0.640     0.881    eth_rx_clk_IBUF
    BUFGCTRL_X0Y17       BUFG (Prop_bufg_I_O)         0.026     0.907 r  eth_rx_clk_IBUF_BUFG_inst/O
                         net (fo=13871, routed)       0.641     1.548    u_mii_rx/eth_rx_clk_IBUF_BUFG
    SLICE_X46Y159        FDCE                                         r  u_mii_rx/byte_data_reg[5]_rep__6/C
  -------------------------------------------------------------------    -------------------
    SLICE_X46Y159        FDCE (Prop_fdce_C_Q)         0.164     1.712 r  u_mii_rx/byte_data_reg[5]_rep__6/Q
                         net (fo=64, routed)          0.226     1.939    u_frame_rx/memory_reg[511][5]_0[3]
    SLICE_X53Y159        FDRE                                         r  u_frame_rx/memory_reg[482][5]/D
  -------------------------------------------------------------------    -------------------

                         (clock eth_rx_clk_in rise edge)
                                                      0.000     0.000 r  <hidden>
    F15                                               0.000     0.000 r  eth_rx_clk
                         net (fo=0)                   0.000     0.000    eth_rx_clk
    F15                  IBUF (Prop_ibuf_I_O)         0.429     0.429 r  eth_rx_clk_IBUF_inst/O
                         net (fo=1, routed)           0.695     1.123    eth_rx_clk_IBUF
    BUFGCTRL_X0Y17       BUFG (Prop_bufg_I_O)         0.029     1.152 r  eth_rx_clk_IBUF_BUFG_inst/O
                         net (fo=13871, routed)       0.913     2.065    u_frame_rx/eth_rx_clk_IBUF_BUFG
    SLICE_X53Y159        FDRE                                         r  u_frame_rx/memory_reg[482][5]/C
                         clock pessimism             -0.255     1.811    <hidden>
    SLICE_X53Y159        FDRE (Hold_fdre_C_D)         0.071     1.882    u_frame_rx/memory_reg[482][5]
  -------------------------------------------------------------------
                         required time                         -1.882    <hidden>
                         arrival time                           1.939    <hidden>
  -------------------------------------------------------------------
                         slack                                  0.057    <hidden>





Pulse Width Checks
--------------------------------------------------------------------------------------
Clock Name:         eth_rx_clk_in
Waveform(ns):       { 0.000 20.000 }
Period(ns):         40.000
Sources:            { eth_rx_clk }

Check Type        Corner  Lib Pin      Reference Pin  Required(ns)  Actual(ns)  Slack(ns)  Location        Pin
Min Period        n/a     BUFG/I       n/a            2.155         40.000      37.845     BUFGCTRL_X0Y17  eth_rx_clk_IBUF_BUFG_inst/I
Low Pulse Width   Slow    RAMD64E/CLK  n/a            1.250         20.000      18.750     SLICE_X8Y135    u_tx_fifo/memory_reg_0_63_0_2/RAMA/CLK
High Pulse Width  Slow    RAMD64E/CLK  n/a            1.250         20.000      18.750     SLICE_X8Y135    u_tx_fifo/memory_reg_0_63_0_2/RAMA/CLK



---------------------------------------------------------------------------------------------------
From Clock:  eth_tx_clk_in
  To Clock:  eth_tx_clk_in

Setup :            0  Failing Endpoints,  Worst Slack        1.477ns,  Total Violation        0.000ns
Hold  :            0  Failing Endpoints,  Worst Slack        0.121ns,  Total Violation        0.000ns
PW    :            0  Failing Endpoints,  Worst Slack       19.500ns,  Total Violation        0.000ns
---------------------------------------------------------------------------------------------------


Max Delay Paths
--------------------------------------------------------------------------------------
Slack (MET) :             1.477ns  (required time - arrival time)
  Source:                 u_mii_tx/eth_txd_reg[1]/C
                            (rising edge-triggered cell FDRE clocked by eth_tx_clk_in  {rise@0.000ns fall@20.000ns period=40.000ns})
  Destination:            eth_txd[1]
                            (output port clocked by eth_tx_clk_in  {rise@0.000ns fall@20.000ns period=40.000ns})
  Path Group:             eth_tx_clk_in
  Path Type:              Max at Slow Process Corner
  Requirement:            20.000ns  (eth_tx_clk_in fall@20.000ns - eth_tx_clk_in rise@0.000ns)
  Data Path Delay:        3.493ns  (logic 3.492ns (99.971%)  route 0.001ns (0.029%))
  Logic Levels:           1  (OBUF=1)
  Output Delay:           9.700ns
  Clock Path Skew:        -5.295ns (DCD - SCD + CPR)
    Destination Clock Delay (DCD):    0.000ns = ( 20.000 - 20.000 ) 
    Source Clock Delay      (SCD):    5.295ns
    Clock Pessimism Removal (CPR):    0.000ns
  Clock Uncertainty:      0.035ns  ((TSJ^2 + TIJ^2)^1/2 + DJ) / 2 + PE
    Total System Jitter     (TSJ):    0.071ns
    Total Input Jitter      (TIJ):    0.000ns
    Discrete Jitter          (DJ):    0.000ns
    Phase Error              (PE):    0.000ns

    Location             Delay type                Incr(ns)  Path(ns)    Netlist Resource(s)
  -------------------------------------------------------------------    -------------------
                         (clock eth_tx_clk_in rise edge)
                                                      0.000     0.000 r  <hidden>
    H16                                               0.000     0.000 r  eth_tx_clk
                         net (fo=0)                   0.000     0.000    eth_tx_clk
    H16                  IBUF (Prop_ibuf_I_O)         1.471     1.471 r  eth_tx_clk_IBUF_inst/O
                         net (fo=1, routed)           2.016     3.487    eth_tx_clk_IBUF
    BUFGCTRL_X0Y16       BUFG (Prop_bufg_I_O)         0.096     3.583 r  eth_tx_clk_IBUF_BUFG_inst/O
                         net (fo=87, routed)          1.712     5.295    u_mii_tx/eth_tx_clk_IBUF_BUFG
    OLOGIC_X0Y112        FDRE                                         r  u_mii_tx/eth_txd_reg[1]/C
  -------------------------------------------------------------------    -------------------
    OLOGIC_X0Y112        FDRE (Prop_fdre_C_Q)         0.472     5.767 r  u_mii_tx/eth_txd_reg[1]/Q
                         net (fo=1, routed)           0.001     5.768    eth_txd_OBUF[1]
    J14                  OBUF (Prop_obuf_I_O)         3.020     8.788 r  eth_txd_OBUF[1]_inst/O
                         net (fo=0)                   0.000     8.788    eth_txd[1]
    J14                                                               r  eth_txd[1]
  -------------------------------------------------------------------    -------------------

                         (clock eth_tx_clk_in fall edge)
                                                     20.000    20.000 f  <hidden>
                         clock pessimism              0.000    20.000    <hidden>
                         clock uncertainty           -0.035    19.965    <hidden>
                         output delay                -9.700    10.265    <hidden>
  -------------------------------------------------------------------
                         required time                         10.265    <hidden>
                         arrival time                          -8.788    <hidden>
  -------------------------------------------------------------------
                         slack                                  1.477    <hidden>





Min Delay Paths
--------------------------------------------------------------------------------------
Slack (MET) :             0.121ns  (arrival time - required time)
  Source:                 u_tx_fifo/write_gray_sync1_reg[7]/C
                            (rising edge-triggered cell FDRE clocked by eth_tx_clk_in  {rise@0.000ns fall@20.000ns period=40.000ns})
  Destination:            u_tx_fifo/write_gray_sync2_reg[7]/D
                            (rising edge-triggered cell FDRE clocked by eth_tx_clk_in  {rise@0.000ns fall@20.000ns period=40.000ns})
  Path Group:             eth_tx_clk_in
  Path Type:              Hold (Min at Fast Process Corner)
  Requirement:            0.000ns  (eth_tx_clk_in rise@0.000ns - eth_tx_clk_in rise@0.000ns)
  Data Path Delay:        0.197ns  (logic 0.141ns (71.611%)  route 0.056ns (28.389%))
  Logic Levels:           0  
  Clock Path Skew:        0.000ns (DCD - SCD - CPR)
    Destination Clock Delay (DCD):    2.021ns
    Source Clock Delay      (SCD):    1.503ns
    Clock Pessimism Removal (CPR):    0.518ns

    Location             Delay type                Incr(ns)  Path(ns)    Netlist Resource(s)
  -------------------------------------------------------------------    -------------------
                         (clock eth_tx_clk_in rise edge)
                                                      0.000     0.000 r  <hidden>
    H16                                               0.000     0.000 r  eth_tx_clk
                         net (fo=0)                   0.000     0.000    eth_tx_clk
    H16                  IBUF (Prop_ibuf_I_O)         0.239     0.239 r  eth_tx_clk_IBUF_inst/O
                         net (fo=1, routed)           0.640     0.879    eth_tx_clk_IBUF
    BUFGCTRL_X0Y16       BUFG (Prop_bufg_I_O)         0.026     0.905 r  eth_tx_clk_IBUF_BUFG_inst/O
                         net (fo=87, routed)          0.598     1.503    u_tx_fifo/eth_tx_clk_IBUF_BUFG
    SLICE_X3Y145         FDRE                                         r  u_tx_fifo/write_gray_sync1_reg[7]/C
  -------------------------------------------------------------------    -------------------
    SLICE_X3Y145         FDRE (Prop_fdre_C_Q)         0.141     1.644 r  u_tx_fifo/write_gray_sync1_reg[7]/Q
                         net (fo=1, routed)           0.056     1.700    u_tx_fifo/write_gray_sync1[7]
    SLICE_X3Y145         FDRE                                         r  u_tx_fifo/write_gray_sync2_reg[7]/D
  -------------------------------------------------------------------    -------------------

                         (clock eth_tx_clk_in rise edge)
                                                      0.000     0.000 r  <hidden>
    H16                                               0.000     0.000 r  eth_tx_clk
                         net (fo=0)                   0.000     0.000    eth_tx_clk
    H16                  IBUF (Prop_ibuf_I_O)         0.427     0.427 r  eth_tx_clk_IBUF_inst/O
                         net (fo=1, routed)           0.695     1.121    eth_tx_clk_IBUF
    BUFGCTRL_X0Y16       BUFG (Prop_bufg_I_O)         0.029     1.150 r  eth_tx_clk_IBUF_BUFG_inst/O
                         net (fo=87, routed)          0.871     2.021    u_tx_fifo/eth_tx_clk_IBUF_BUFG
    SLICE_X3Y145         FDRE                                         r  u_tx_fifo/write_gray_sync2_reg[7]/C
                         clock pessimism             -0.518     1.503    <hidden>
    SLICE_X3Y145         FDRE (Hold_fdre_C_D)         0.076     1.579    u_tx_fifo/write_gray_sync2_reg[7]
  -------------------------------------------------------------------
                         required time                         -1.579    <hidden>
                         arrival time                           1.700    <hidden>
  -------------------------------------------------------------------
                         slack                                  0.121    <hidden>





Pulse Width Checks
--------------------------------------------------------------------------------------
Clock Name:         eth_tx_clk_in
Waveform(ns):       { 0.000 20.000 }
Period(ns):         40.000
Sources:            { eth_tx_clk }

Check Type        Corner  Lib Pin  Reference Pin  Required(ns)  Actual(ns)  Slack(ns)  Location        Pin
Min Period        n/a     BUFG/I   n/a            2.155         40.000      37.845     BUFGCTRL_X0Y16  eth_tx_clk_IBUF_BUFG_inst/I
Low Pulse Width   Slow    FDPE/C   n/a            0.500         20.000      19.500     SLICE_X1Y130    tx_reset_sync_reg[0]/C
High Pulse Width  Slow    FDPE/C   n/a            0.500         20.000      19.500     SLICE_X1Y130    tx_reset_sync_reg[0]/C



---------------------------------------------------------------------------------------------------
From Clock:  sys_clk
  To Clock:  sys_clk

Setup :            0  Failing Endpoints,  Worst Slack        2.722ns,  Total Violation        0.000ns
Hold  :            0  Failing Endpoints,  Worst Slack        0.068ns,  Total Violation        0.000ns
PW    :            0  Failing Endpoints,  Worst Slack        3.000ns,  Total Violation        0.000ns
---------------------------------------------------------------------------------------------------


Max Delay Paths
--------------------------------------------------------------------------------------
Slack (MET) :             2.722ns  (required time - arrival time)
  Source:                 u_reset/reset_ff2_reg/C
                            (rising edge-triggered cell FDPE clocked by sys_clk  {rise@0.000ns fall@5.000ns period=10.000ns})
  Destination:            heartbeat_reg[0]/R
                            (rising edge-triggered cell FDRE clocked by sys_clk  {rise@0.000ns fall@5.000ns period=10.000ns})
  Path Group:             sys_clk
  Path Type:              Setup (Max at Slow Process Corner)
  Requirement:            10.000ns  (sys_clk rise@10.000ns - sys_clk rise@0.000ns)
  Data Path Delay:        6.359ns  (logic 0.419ns (6.589%)  route 5.940ns (93.411%))
  Logic Levels:           0  
  Clock Path Skew:        -0.185ns (DCD - SCD + CPR)
    Destination Clock Delay (DCD):    4.947ns = ( 14.947 - 10.000 ) 
    Source Clock Delay      (SCD):    5.311ns
    Clock Pessimism Removal (CPR):    0.180ns
  Clock Uncertainty:      0.035ns  ((TSJ^2 + TIJ^2)^1/2 + DJ) / 2 + PE
    Total System Jitter     (TSJ):    0.071ns
    Total Input Jitter      (TIJ):    0.000ns
    Discrete Jitter          (DJ):    0.000ns
    Phase Error              (PE):    0.000ns

    Location             Delay type                Incr(ns)  Path(ns)    Netlist Resource(s)
  -------------------------------------------------------------------    -------------------
                         (clock sys_clk rise edge)    0.000     0.000 r  <hidden>
    E3                                                0.000     0.000 r  clk_100mhz
                         net (fo=0)                   0.000     0.000    clk_100mhz
    E3                   IBUF (Prop_ibuf_I_O)         1.482     1.482 r  clk_100mhz_IBUF_inst/O
                         net (fo=1, routed)           2.025     3.506    clk_100mhz_IBUF
    BUFGCTRL_X0Y18       BUFG (Prop_bufg_I_O)         0.096     3.602 r  clk_100mhz_IBUF_BUFG_inst/O
                         net (fo=950, routed)         1.709     5.311    u_reset/clk_100mhz_IBUF_BUFG
    SLICE_X1Y146         FDPE                                         r  u_reset/reset_ff2_reg/C
  -------------------------------------------------------------------    -------------------
    SLICE_X1Y146         FDPE (Prop_fdpe_C_Q)         0.419     5.730 r  u_reset/reset_ff2_reg/Q
                         net (fo=778, routed)         5.940    11.671    reset
    SLICE_X14Y95         FDRE                                         r  heartbeat_reg[0]/R
  -------------------------------------------------------------------    -------------------

                         (clock sys_clk rise edge)   10.000    10.000 r  <hidden>
    E3                                                0.000    10.000 r  clk_100mhz
                         net (fo=0)                   0.000    10.000    clk_100mhz
    E3                   IBUF (Prop_ibuf_I_O)         1.411    11.411 r  clk_100mhz_IBUF_inst/O
                         net (fo=1, routed)           1.920    13.331    clk_100mhz_IBUF
    BUFGCTRL_X0Y18       BUFG (Prop_bufg_I_O)         0.091    13.422 r  clk_100mhz_IBUF_BUFG_inst/O
                         net (fo=950, routed)         1.524    14.947    clk_100mhz_IBUF_BUFG
    SLICE_X14Y95         FDRE                                         r  heartbeat_reg[0]/C
                         clock pessimism              0.180    15.127    <hidden>
                         clock uncertainty           -0.035    15.091    <hidden>
    SLICE_X14Y95         FDRE (Setup_fdre_C_R)       -0.699    14.392    heartbeat_reg[0]
  -------------------------------------------------------------------
                         required time                         14.392    <hidden>
                         arrival time                         -11.671    <hidden>
  -------------------------------------------------------------------
                         slack                                  2.722    <hidden>





Min Delay Paths
--------------------------------------------------------------------------------------
Slack (MET) :             0.068ns  (arrival time - required time)
  Source:                 g_switches[0].u_switch/g_filter.stable_counter_reg[10]/C
                            (rising edge-triggered cell FDRE clocked by sys_clk  {rise@0.000ns fall@5.000ns period=10.000ns})
  Destination:            g_switches[0].u_switch/g_filter.stable_counter_reg[16]/D
                            (rising edge-triggered cell FDRE clocked by sys_clk  {rise@0.000ns fall@5.000ns period=10.000ns})
  Path Group:             sys_clk
  Path Type:              Hold (Min at Fast Process Corner)
  Requirement:            0.000ns  (sys_clk rise@0.000ns - sys_clk rise@0.000ns)
  Data Path Delay:        0.527ns  (logic 0.394ns (74.727%)  route 0.133ns (25.273%))
  Logic Levels:           3  (CARRY4=3)
  Clock Path Skew:        0.354ns (DCD - SCD - CPR)
    Destination Clock Delay (DCD):    2.123ns
    Source Clock Delay      (SCD):    1.518ns
    Clock Pessimism Removal (CPR):    0.250ns

    Location             Delay type                Incr(ns)  Path(ns)    Netlist Resource(s)
  -------------------------------------------------------------------    -------------------
                         (clock sys_clk rise edge)    0.000     0.000 r  <hidden>
    E3                                                0.000     0.000 r  clk_100mhz
                         net (fo=0)                   0.000     0.000    clk_100mhz
    E3                   IBUF (Prop_ibuf_I_O)         0.250     0.250 r  clk_100mhz_IBUF_inst/O
                         net (fo=1, routed)           0.644     0.894    clk_100mhz_IBUF
    BUFGCTRL_X0Y18       BUFG (Prop_bufg_I_O)         0.026     0.920 r  clk_100mhz_IBUF_BUFG_inst/O
                         net (fo=950, routed)         0.599     1.518    g_switches[0].u_switch/clk_100mhz_IBUF_BUFG
    SLICE_X0Y148         FDRE                                         r  g_switches[0].u_switch/g_filter.stable_counter_reg[10]/C
  -------------------------------------------------------------------    -------------------
    SLICE_X0Y148         FDRE (Prop_fdre_C_Q)         0.141     1.659 r  g_switches[0].u_switch/g_filter.stable_counter_reg[10]/Q
                         net (fo=2, routed)           0.133     1.792    g_switches[0].u_switch/g_filter.stable_counter_reg[10]
    SLICE_X0Y148         CARRY4 (Prop_carry4_S[2]_CO[3])
                                                      0.160     1.952 r  g_switches[0].u_switch/g_filter.stable_counter_reg[8]_i_1__2/CO[3]
                         net (fo=1, routed)           0.000     1.952    g_switches[0].u_switch/g_filter.stable_counter_reg[8]_i_1__2_n_0
    SLICE_X0Y149         CARRY4 (Prop_carry4_CI_CO[3])
                                                      0.039     1.991 r  g_switches[0].u_switch/g_filter.stable_counter_reg[12]_i_1__2/CO[3]
                         net (fo=1, routed)           0.001     1.992    g_switches[0].u_switch/g_filter.stable_counter_reg[12]_i_1__2_n_0
    SLICE_X0Y150         CARRY4 (Prop_carry4_CI_O[0])
                                                      0.054     2.046 r  g_switches[0].u_switch/g_filter.stable_counter_reg[16]_i_1__2/O[0]
                         net (fo=1, routed)           0.000     2.046    g_switches[0].u_switch/g_filter.stable_counter_reg[16]_i_1__2_n_7
    SLICE_X0Y150         FDRE                                         r  g_switches[0].u_switch/g_filter.stable_counter_reg[16]/D
  -------------------------------------------------------------------    -------------------

                         (clock sys_clk rise edge)    0.000     0.000 r  <hidden>
    E3                                                0.000     0.000 r  clk_100mhz
                         net (fo=0)                   0.000     0.000    clk_100mhz
    E3                   IBUF (Prop_ibuf_I_O)         0.438     0.438 r  clk_100mhz_IBUF_inst/O
                         net (fo=1, routed)           0.699     1.136    clk_100mhz_IBUF
    BUFGCTRL_X0Y18       BUFG (Prop_bufg_I_O)         0.029     1.165 r  clk_100mhz_IBUF_BUFG_inst/O
                         net (fo=950, routed)         0.958     2.123    g_switches[0].u_switch/clk_100mhz_IBUF_BUFG
    SLICE_X0Y150         FDRE                                         r  g_switches[0].u_switch/g_filter.stable_counter_reg[16]/C
                         clock pessimism             -0.250     1.873    <hidden>
    SLICE_X0Y150         FDRE (Hold_fdre_C_D)         0.105     1.978    g_switches[0].u_switch/g_filter.stable_counter_reg[16]
  -------------------------------------------------------------------
                         required time                         -1.978    <hidden>
                         arrival time                           2.046    <hidden>
  -------------------------------------------------------------------
                         slack                                  0.068    <hidden>





Pulse Width Checks
--------------------------------------------------------------------------------------
Clock Name:         sys_clk
Waveform(ns):       { 0.000 5.000 }
Period(ns):         10.000
Sources:            { clk_100mhz }

Check Type        Corner  Lib Pin            Reference Pin  Required(ns)  Actual(ns)  Slack(ns)  Location         Pin
Min Period        n/a     BUFG/I             n/a            2.155         10.000      7.845      BUFGCTRL_X0Y18   clk_100mhz_IBUF_BUFG_inst/I
Max Period        n/a     MMCME2_ADV/CLKIN1  n/a            100.000       10.000      90.000     MMCME2_ADV_X0Y0  u_ref_clock/u_mmcm/CLKIN1
Low Pulse Width   Slow    MMCME2_ADV/CLKIN1  n/a            2.000         5.000       3.000      MMCME2_ADV_X0Y0  u_ref_clock/u_mmcm/CLKIN1
High Pulse Width  Slow    MMCME2_ADV/CLKIN1  n/a            2.000         5.000       3.000      MMCME2_ADV_X0Y0  u_ref_clock/u_mmcm/CLKIN1



---------------------------------------------------------------------------------------------------
From Clock:  clk_25mhz_mmcm
  To Clock:  clk_25mhz_mmcm

Setup :            0  Failing Endpoints,  Worst Slack       37.143ns,  Total Violation        0.000ns
Hold  :            0  Failing Endpoints,  Worst Slack        0.131ns,  Total Violation        0.000ns
PW    :            0  Failing Endpoints,  Worst Slack       19.500ns,  Total Violation        0.000ns
---------------------------------------------------------------------------------------------------


Max Delay Paths
--------------------------------------------------------------------------------------
Slack (MET) :             37.143ns  (required time - arrival time)
  Source:                 u_ref_clock/u_output_reset/reset_ff2_reg/C
                            (rising edge-triggered cell FDPE clocked by clk_25mhz_mmcm  {rise@0.000ns fall@20.000ns period=40.000ns})
  Destination:            u_ref_clock/u_ref_output/R
                            (rising edge-triggered cell ODDR clocked by clk_25mhz_mmcm  {rise@0.000ns fall@20.000ns period=40.000ns})
  Path Group:             clk_25mhz_mmcm
  Path Type:              Setup (Max at Slow Process Corner)
  Requirement:            40.000ns  (clk_25mhz_mmcm rise@40.000ns - clk_25mhz_mmcm rise@0.000ns)
  Data Path Delay:        1.721ns  (logic 0.419ns (24.352%)  route 1.302ns (75.648%))
  Logic Levels:           0  
  Clock Path Skew:        -0.064ns (DCD - SCD + CPR)
    Destination Clock Delay (DCD):    8.771ns = ( 48.771 - 40.000 ) 
    Source Clock Delay      (SCD):    9.325ns
    Clock Pessimism Removal (CPR):    0.490ns
  Clock Uncertainty:      0.099ns  ((TSJ^2 + DJ^2)^1/2) / 2 + PE
    Total System Jitter     (TSJ):    0.071ns
    Discrete Jitter          (DJ):    0.186ns
    Phase Error              (PE):    0.000ns

    Location             Delay type                Incr(ns)  Path(ns)    Netlist Resource(s)
  -------------------------------------------------------------------    -------------------
                         (clock clk_25mhz_mmcm rise edge)
                                                      0.000     0.000 r  <hidden>
    E3                                                0.000     0.000 r  clk_100mhz
                         net (fo=0)                   0.000     0.000    clk_100mhz
    E3                   IBUF (Prop_ibuf_I_O)         1.482     1.482 r  clk_100mhz_IBUF_inst/O
                         net (fo=1, routed)           2.025     3.506    clk_100mhz_IBUF
    BUFGCTRL_X0Y18       BUFG (Prop_bufg_I_O)         0.096     3.602 r  clk_100mhz_IBUF_BUFG_inst/O
                         net (fo=950, routed)         1.809     5.412    u_ref_clock/clk_100mhz_IBUF_BUFG
    MMCME2_ADV_X0Y0      MMCME2_ADV (Prop_mmcme2_adv_CLKIN1_CLKOUT0)
                                                      0.088     5.500 r  u_ref_clock/u_mmcm/CLKOUT0
                         net (fo=1, routed)           2.018     7.518    u_ref_clock/clk_25mhz_mmcm
    BUFGCTRL_X0Y0        BUFG (Prop_bufg_I_O)         0.096     7.614 r  u_ref_clock/u_ref_buffer/O
                         net (fo=3, routed)           1.711     9.325    u_ref_clock/u_output_reset/clk_25mhz
    SLICE_X0Y106         FDPE                                         r  u_ref_clock/u_output_reset/reset_ff2_reg/C
  -------------------------------------------------------------------    -------------------
    SLICE_X0Y106         FDPE (Prop_fdpe_C_Q)         0.419     9.744 r  u_ref_clock/u_output_reset/reset_ff2_reg/Q
                         net (fo=1, routed)           1.302    11.046    u_ref_clock/output_reset
    OLOGIC_X0Y106        ODDR                                         r  u_ref_clock/u_ref_output/R
  -------------------------------------------------------------------    -------------------

                         (clock clk_25mhz_mmcm rise edge)
                                                     40.000    40.000 r  <hidden>
    E3                                                0.000    40.000 r  clk_100mhz
                         net (fo=0)                   0.000    40.000    clk_100mhz
    E3                   IBUF (Prop_ibuf_I_O)         1.411    41.411 r  clk_100mhz_IBUF_inst/O
                         net (fo=1, routed)           1.920    43.331    clk_100mhz_IBUF
    BUFGCTRL_X0Y18       BUFG (Prop_bufg_I_O)         0.091    43.422 r  clk_100mhz_IBUF_BUFG_inst/O
                         net (fo=950, routed)         1.683    45.105    u_ref_clock/clk_100mhz_IBUF_BUFG
    MMCME2_ADV_X0Y0      MMCME2_ADV (Prop_mmcme2_adv_CLKIN1_CLKOUT0)
                                                      0.083    45.188 r  u_ref_clock/u_mmcm/CLKOUT0
                         net (fo=1, routed)           1.923    47.111    u_ref_clock/clk_25mhz_mmcm
    BUFGCTRL_X0Y0        BUFG (Prop_bufg_I_O)         0.091    47.202 r  u_ref_clock/u_ref_buffer/O
                         net (fo=3, routed)           1.569    48.771    u_ref_clock/clk_25mhz
    OLOGIC_X0Y106        ODDR                                         r  u_ref_clock/u_ref_output/C
                         clock pessimism              0.490    49.262    <hidden>
                         clock uncertainty           -0.099    49.162    <hidden>
    OLOGIC_X0Y106        ODDR (Setup_oddr_C_R)       -0.973    48.189    u_ref_clock/u_ref_output
  -------------------------------------------------------------------
                         required time                         48.189    <hidden>
                         arrival time                         -11.046    <hidden>
  -------------------------------------------------------------------
                         slack                                 37.143    <hidden>





Min Delay Paths
--------------------------------------------------------------------------------------
Slack (MET) :             0.131ns  (arrival time - required time)
  Source:                 u_ref_clock/u_output_reset/reset_ff1_reg/C
                            (rising edge-triggered cell FDPE clocked by clk_25mhz_mmcm  {rise@0.000ns fall@20.000ns period=40.000ns})
  Destination:            u_ref_clock/u_output_reset/reset_ff2_reg/D
                            (rising edge-triggered cell FDPE clocked by clk_25mhz_mmcm  {rise@0.000ns fall@20.000ns period=40.000ns})
  Path Group:             clk_25mhz_mmcm
  Path Type:              Hold (Min at Fast Process Corner)
  Requirement:            0.000ns  (clk_25mhz_mmcm rise@0.000ns - clk_25mhz_mmcm rise@0.000ns)
  Data Path Delay:        0.206ns  (logic 0.141ns (68.336%)  route 0.065ns (31.664%))
  Logic Levels:           0  
  Clock Path Skew:        0.000ns (DCD - SCD - CPR)
    Destination Clock Delay (DCD):    3.718ns
    Source Clock Delay      (SCD):    2.867ns
    Clock Pessimism Removal (CPR):    0.850ns

    Location             Delay type                Incr(ns)  Path(ns)    Netlist Resource(s)
  -------------------------------------------------------------------    -------------------
                         (clock clk_25mhz_mmcm rise edge)
                                                      0.000     0.000 r  <hidden>
    E3                                                0.000     0.000 r  clk_100mhz
                         net (fo=0)                   0.000     0.000    clk_100mhz
    E3                   IBUF (Prop_ibuf_I_O)         0.250     0.250 r  clk_100mhz_IBUF_inst/O
                         net (fo=1, routed)           0.644     0.894    clk_100mhz_IBUF
    BUFGCTRL_X0Y18       BUFG (Prop_bufg_I_O)         0.026     0.920 r  clk_100mhz_IBUF_BUFG_inst/O
                         net (fo=950, routed)         0.624     1.544    u_ref_clock/clk_100mhz_IBUF_BUFG
    MMCME2_ADV_X0Y0      MMCME2_ADV (Prop_mmcme2_adv_CLKIN1_CLKOUT0)
                                                      0.050     1.594 r  u_ref_clock/u_mmcm/CLKOUT0
                         net (fo=1, routed)           0.648     2.242    u_ref_clock/clk_25mhz_mmcm
    BUFGCTRL_X0Y0        BUFG (Prop_bufg_I_O)         0.026     2.268 r  u_ref_clock/u_ref_buffer/O
                         net (fo=3, routed)           0.600     2.867    u_ref_clock/u_output_reset/clk_25mhz
    SLICE_X0Y106         FDPE                                         r  u_ref_clock/u_output_reset/reset_ff1_reg/C
  -------------------------------------------------------------------    -------------------
    SLICE_X0Y106         FDPE (Prop_fdpe_C_Q)         0.141     3.008 r  u_ref_clock/u_output_reset/reset_ff1_reg/Q
                         net (fo=1, routed)           0.065     3.074    u_ref_clock/u_output_reset/reset_ff1
    SLICE_X0Y106         FDPE                                         r  u_ref_clock/u_output_reset/reset_ff2_reg/D
  -------------------------------------------------------------------    -------------------

                         (clock clk_25mhz_mmcm rise edge)
                                                      0.000     0.000 r  <hidden>
    E3                                                0.000     0.000 r  clk_100mhz
                         net (fo=0)                   0.000     0.000    clk_100mhz
    E3                   IBUF (Prop_ibuf_I_O)         0.438     0.438 r  clk_100mhz_IBUF_inst/O
                         net (fo=1, routed)           0.699     1.136    clk_100mhz_IBUF
    BUFGCTRL_X0Y18       BUFG (Prop_bufg_I_O)         0.029     1.165 r  clk_100mhz_IBUF_BUFG_inst/O
                         net (fo=950, routed)         0.898     2.063    u_ref_clock/clk_100mhz_IBUF_BUFG
    MMCME2_ADV_X0Y0      MMCME2_ADV (Prop_mmcme2_adv_CLKIN1_CLKOUT0)
                                                      0.053     2.116 r  u_ref_clock/u_mmcm/CLKOUT0
                         net (fo=1, routed)           0.700     2.816    u_ref_clock/clk_25mhz_mmcm
    BUFGCTRL_X0Y0        BUFG (Prop_bufg_I_O)         0.029     2.845 r  u_ref_clock/u_ref_buffer/O
                         net (fo=3, routed)           0.872     3.718    u_ref_clock/u_output_reset/clk_25mhz
    SLICE_X0Y106         FDPE                                         r  u_ref_clock/u_output_reset/reset_ff2_reg/C
                         clock pessimism             -0.850     2.867    <hidden>
    SLICE_X0Y106         FDPE (Hold_fdpe_C_D)         0.075     2.942    u_ref_clock/u_output_reset/reset_ff2_reg
  -------------------------------------------------------------------
                         required time                         -2.942    <hidden>
                         arrival time                           3.074    <hidden>
  -------------------------------------------------------------------
                         slack                                  0.131    <hidden>





Pulse Width Checks
--------------------------------------------------------------------------------------
Clock Name:         clk_25mhz_mmcm
Waveform(ns):       { 0.000 20.000 }
Period(ns):         40.000
Sources:            { u_ref_clock/u_mmcm/CLKOUT0 }

Check Type        Corner  Lib Pin             Reference Pin  Required(ns)  Actual(ns)  Slack(ns)  Location         Pin
Min Period        n/a     BUFG/I              n/a            2.155         40.000      37.845     BUFGCTRL_X0Y0    u_ref_clock/u_ref_buffer/I
Max Period        n/a     MMCME2_ADV/CLKOUT0  n/a            213.360       40.000      173.360    MMCME2_ADV_X0Y0  u_ref_clock/u_mmcm/CLKOUT0
Low Pulse Width   Slow    FDPE/C              n/a            0.500         20.000      19.500     SLICE_X0Y106     u_ref_clock/u_output_reset/reset_ff1_reg/C
High Pulse Width  Slow    FDPE/C              n/a            0.500         20.000      19.500     SLICE_X0Y106     u_ref_clock/u_output_reset/reset_ff1_reg/C



---------------------------------------------------------------------------------------------------
From Clock:  clk_feedback
  To Clock:  clk_feedback

Setup :           NA  Failing Endpoints,  Worst Slack           NA  ,  Total Violation           NA
Hold  :           NA  Failing Endpoints,  Worst Slack           NA  ,  Total Violation           NA
PW    :            0  Failing Endpoints,  Worst Slack        8.751ns,  Total Violation        0.000ns
---------------------------------------------------------------------------------------------------


Pulse Width Checks
--------------------------------------------------------------------------------------
Clock Name:         clk_feedback
Waveform(ns):       { 0.000 5.000 }
Period(ns):         10.000
Sources:            { u_ref_clock/u_mmcm/CLKFBOUT }

Check Type  Corner  Lib Pin              Reference Pin  Required(ns)  Actual(ns)  Slack(ns)  Location         Pin
Min Period  n/a     MMCME2_ADV/CLKFBOUT  n/a            1.249         10.000      8.751      MMCME2_ADV_X0Y0  u_ref_clock/u_mmcm/CLKFBOUT
Max Period  n/a     MMCME2_ADV/CLKFBIN   n/a            100.000       10.000      90.000     MMCME2_ADV_X0Y0  u_ref_clock/u_mmcm/CLKFBIN



---------------------------------------------------------------------------------------------------
Path Group:  **async_default**
From Clock:  sys_clk
  To Clock:  clk_25mhz_mmcm

Setup :            0  Failing Endpoints,  Worst Slack        6.760ns,  Total Violation        0.000ns
Hold  :            0  Failing Endpoints,  Worst Slack        0.611ns,  Total Violation        0.000ns
---------------------------------------------------------------------------------------------------


Max Delay Paths
--------------------------------------------------------------------------------------
Slack (MET) :             6.760ns  (required time - arrival time)
  Source:                 u_reset/reset_ff2_reg/C
                            (rising edge-triggered cell FDPE clocked by sys_clk  {rise@0.000ns fall@5.000ns period=10.000ns})
  Destination:            u_ref_clock/u_output_reset/reset_ff1_reg/PRE
                            (recovery check against rising-edge clock clk_25mhz_mmcm  {rise@0.000ns fall@20.000ns period=40.000ns})
  Path Group:             **async_default**
  Path Type:              Recovery (Max at Slow Process Corner)
  Requirement:            10.000ns  (clk_25mhz_mmcm rise@40.000ns - sys_clk rise@30.000ns)
  Data Path Delay:        6.330ns  (logic 0.718ns (11.343%)  route 5.612ns (88.657%))
  Logic Levels:           1  (LUT2=1)
  Clock Path Skew:        3.663ns (DCD - SCD + CPR)
    Destination Clock Delay (DCD):    8.794ns = ( 48.794 - 40.000 ) 
    Source Clock Delay      (SCD):    5.311ns = ( 35.311 - 30.000 ) 
    Clock Pessimism Removal (CPR):    0.180ns
  Clock Uncertainty:      0.214ns  ((TSJ^2 + DJ^2)^1/2) / 2 + PE
    Total System Jitter     (TSJ):    0.071ns
    Discrete Jitter          (DJ):    0.186ns
    Phase Error              (PE):    0.114ns

    Location             Delay type                Incr(ns)  Path(ns)    Netlist Resource(s)
  -------------------------------------------------------------------    -------------------
                         (clock sys_clk rise edge)   30.000    30.000 r  <hidden>
    E3                                                0.000    30.000 r  clk_100mhz
                         net (fo=0)                   0.000    30.000    clk_100mhz
    E3                   IBUF (Prop_ibuf_I_O)         1.482    31.482 r  clk_100mhz_IBUF_inst/O
                         net (fo=1, routed)           2.025    33.506    clk_100mhz_IBUF
    BUFGCTRL_X0Y18       BUFG (Prop_bufg_I_O)         0.096    33.602 r  clk_100mhz_IBUF_BUFG_inst/O
                         net (fo=950, routed)         1.709    35.311    u_reset/clk_100mhz_IBUF_BUFG
    SLICE_X1Y146         FDPE                                         r  u_reset/reset_ff2_reg/C
  -------------------------------------------------------------------    -------------------
    SLICE_X1Y146         FDPE (Prop_fdpe_C_Q)         0.419    35.730 f  u_reset/reset_ff2_reg/Q
                         net (fo=778, routed)         4.351    40.081    u_reset/reset_ff2
    SLICE_X0Y106         LUT2 (Prop_lut2_I0_O)        0.299    40.380 f  u_reset/reset_ff1_i_1/O
                         net (fo=2, routed)           1.261    41.641    u_ref_clock/u_output_reset/reset_ff2_reg_0
    SLICE_X0Y106         FDPE                                         f  u_ref_clock/u_output_reset/reset_ff1_reg/PRE
  -------------------------------------------------------------------    -------------------

                         (clock clk_25mhz_mmcm rise edge)
                                                     40.000    40.000 r  <hidden>
    E3                                                0.000    40.000 r  clk_100mhz
                         net (fo=0)                   0.000    40.000    clk_100mhz
    E3                   IBUF (Prop_ibuf_I_O)         1.411    41.411 r  clk_100mhz_IBUF_inst/O
                         net (fo=1, routed)           1.920    43.331    clk_100mhz_IBUF
    BUFGCTRL_X0Y18       BUFG (Prop_bufg_I_O)         0.091    43.422 r  clk_100mhz_IBUF_BUFG_inst/O
                         net (fo=950, routed)         1.683    45.105    u_ref_clock/clk_100mhz_IBUF_BUFG
    MMCME2_ADV_X0Y0      MMCME2_ADV (Prop_mmcme2_adv_CLKIN1_CLKOUT0)
                                                      0.083    45.188 r  u_ref_clock/u_mmcm/CLKOUT0
                         net (fo=1, routed)           1.923    47.111    u_ref_clock/clk_25mhz_mmcm
    BUFGCTRL_X0Y0        BUFG (Prop_bufg_I_O)         0.091    47.202 r  u_ref_clock/u_ref_buffer/O
                         net (fo=3, routed)           1.592    48.794    u_ref_clock/u_output_reset/clk_25mhz
    SLICE_X0Y106         FDPE                                         r  u_ref_clock/u_output_reset/reset_ff1_reg/C
                         clock pessimism              0.180    48.974    <hidden>
                         clock uncertainty           -0.214    48.760    <hidden>
    SLICE_X0Y106         FDPE (Recov_fdpe_C_PRE)     -0.359    48.401    u_ref_clock/u_output_reset/reset_ff1_reg
  -------------------------------------------------------------------
                         required time                         48.401    <hidden>
                         arrival time                         -41.641    <hidden>
  -------------------------------------------------------------------
                         slack                                  6.760    <hidden>





Min Delay Paths
--------------------------------------------------------------------------------------
Slack (MET) :             0.611ns  (arrival time - required time)
  Source:                 u_reset/reset_ff2_reg/C
                            (rising edge-triggered cell FDPE clocked by sys_clk  {rise@0.000ns fall@5.000ns period=10.000ns})
  Destination:            u_ref_clock/u_output_reset/reset_ff1_reg/PRE
                            (removal check against rising-edge clock clk_25mhz_mmcm  {rise@0.000ns fall@20.000ns period=40.000ns})
  Path Group:             **async_default**
  Path Type:              Removal (Min at Fast Process Corner)
  Requirement:            0.000ns  (clk_25mhz_mmcm rise@0.000ns - sys_clk rise@0.000ns)
  Data Path Delay:        2.684ns  (logic 0.227ns (8.458%)  route 2.457ns (91.542%))
  Logic Levels:           1  (LUT2=1)
  Clock Path Skew:        1.955ns (DCD - SCD - CPR)
    Destination Clock Delay (DCD):    3.718ns
    Source Clock Delay      (SCD):    1.517ns
    Clock Pessimism Removal (CPR):    0.245ns
  Clock Uncertainty:      0.214ns  ((TSJ^2 + DJ^2)^1/2) / 2 + PE
    Total System Jitter     (TSJ):    0.071ns
    Discrete Jitter          (DJ):    0.186ns
    Phase Error              (PE):    0.114ns

    Location             Delay type                Incr(ns)  Path(ns)    Netlist Resource(s)
  -------------------------------------------------------------------    -------------------
                         (clock sys_clk rise edge)    0.000     0.000 r  <hidden>
    E3                                                0.000     0.000 r  clk_100mhz
                         net (fo=0)                   0.000     0.000    clk_100mhz
    E3                   IBUF (Prop_ibuf_I_O)         0.250     0.250 r  clk_100mhz_IBUF_inst/O
                         net (fo=1, routed)           0.644     0.894    clk_100mhz_IBUF
    BUFGCTRL_X0Y18       BUFG (Prop_bufg_I_O)         0.026     0.920 r  clk_100mhz_IBUF_BUFG_inst/O
                         net (fo=950, routed)         0.598     1.517    u_reset/clk_100mhz_IBUF_BUFG
    SLICE_X1Y146         FDPE                                         r  u_reset/reset_ff2_reg/C
  -------------------------------------------------------------------    -------------------
    SLICE_X1Y146         FDPE (Prop_fdpe_C_Q)         0.128     1.645 f  u_reset/reset_ff2_reg/Q
                         net (fo=778, routed)         1.907     3.552    u_reset/reset_ff2
    SLICE_X0Y106         LUT2 (Prop_lut2_I0_O)        0.099     3.651 f  u_reset/reset_ff1_i_1/O
                         net (fo=2, routed)           0.550     4.201    u_ref_clock/u_output_reset/reset_ff2_reg_0
    SLICE_X0Y106         FDPE                                         f  u_ref_clock/u_output_reset/reset_ff1_reg/PRE
  -------------------------------------------------------------------    -------------------

                         (clock clk_25mhz_mmcm rise edge)
                                                      0.000     0.000 r  <hidden>
    E3                                                0.000     0.000 r  clk_100mhz
                         net (fo=0)                   0.000     0.000    clk_100mhz
    E3                   IBUF (Prop_ibuf_I_O)         0.438     0.438 r  clk_100mhz_IBUF_inst/O
                         net (fo=1, routed)           0.699     1.136    clk_100mhz_IBUF
    BUFGCTRL_X0Y18       BUFG (Prop_bufg_I_O)         0.029     1.165 r  clk_100mhz_IBUF_BUFG_inst/O
                         net (fo=950, routed)         0.898     2.063    u_ref_clock/clk_100mhz_IBUF_BUFG
    MMCME2_ADV_X0Y0      MMCME2_ADV (Prop_mmcme2_adv_CLKIN1_CLKOUT0)
                                                      0.053     2.116 r  u_ref_clock/u_mmcm/CLKOUT0
                         net (fo=1, routed)           0.700     2.816    u_ref_clock/clk_25mhz_mmcm
    BUFGCTRL_X0Y0        BUFG (Prop_bufg_I_O)         0.029     2.845 r  u_ref_clock/u_ref_buffer/O
                         net (fo=3, routed)           0.872     3.718    u_ref_clock/u_output_reset/clk_25mhz
    SLICE_X0Y106         FDPE                                         r  u_ref_clock/u_output_reset/reset_ff1_reg/C
                         clock pessimism             -0.245     3.472    <hidden>
                         clock uncertainty            0.214     3.686    <hidden>
    SLICE_X0Y106         FDPE (Remov_fdpe_C_PRE)     -0.095     3.591    u_ref_clock/u_output_reset/reset_ff1_reg
  -------------------------------------------------------------------
                         required time                         -3.591    <hidden>
                         arrival time                           4.201    <hidden>
  -------------------------------------------------------------------
                         slack                                  0.611    <hidden>





---------------------------------------------------------------------------------------------------
Path Group:  **async_default**
From Clock:  eth_rx_clk_in
  To Clock:  eth_rx_clk_in

Setup :            0  Failing Endpoints,  Worst Slack       26.955ns,  Total Violation        0.000ns
Hold  :            0  Failing Endpoints,  Worst Slack        0.424ns,  Total Violation        0.000ns
---------------------------------------------------------------------------------------------------


Max Delay Paths
--------------------------------------------------------------------------------------
Slack (MET) :             26.955ns  (required time - arrival time)
  Source:                 rx_reset_sync_reg[1]/C
                            (rising edge-triggered cell FDPE clocked by eth_rx_clk_in  {rise@0.000ns fall@20.000ns period=40.000ns})
  Destination:            u_mii_rx/byte_data_reg[2]_rep__9/CLR
                            (recovery check against rising-edge clock eth_rx_clk_in  {rise@0.000ns fall@20.000ns period=40.000ns})
  Path Group:             **async_default**
  Path Type:              Recovery (Max at Slow Process Corner)
  Requirement:            40.000ns  (eth_rx_clk_in rise@40.000ns - eth_rx_clk_in rise@0.000ns)
  Data Path Delay:        12.403ns  (logic 0.419ns (3.378%)  route 11.984ns (96.622%))
  Logic Levels:           0  
  Clock Path Skew:        -0.026ns (DCD - SCD + CPR)
    Destination Clock Delay (DCD):    5.068ns = ( 45.068 - 40.000 ) 
    Source Clock Delay      (SCD):    5.281ns
    Clock Pessimism Removal (CPR):    0.188ns
  Clock Uncertainty:      0.035ns  ((TSJ^2 + TIJ^2)^1/2 + DJ) / 2 + PE
    Total System Jitter     (TSJ):    0.071ns
    Total Input Jitter      (TIJ):    0.000ns
    Discrete Jitter          (DJ):    0.000ns
    Phase Error              (PE):    0.000ns

    Location             Delay type                Incr(ns)  Path(ns)    Netlist Resource(s)
  -------------------------------------------------------------------    -------------------
                         (clock eth_rx_clk_in rise edge)
                                                      0.000     0.000 r  <hidden>
    F15                                               0.000     0.000 r  eth_rx_clk
                         net (fo=0)                   0.000     0.000    eth_rx_clk
    F15                  IBUF (Prop_ibuf_I_O)         1.473     1.473 r  eth_rx_clk_IBUF_inst/O
                         net (fo=1, routed)           2.016     3.488    eth_rx_clk_IBUF
    BUFGCTRL_X0Y17       BUFG (Prop_bufg_I_O)         0.096     3.584 r  eth_rx_clk_IBUF_BUFG_inst/O
                         net (fo=13871, routed)       1.697     5.281    eth_rx_clk_IBUF_BUFG
    SLICE_X0Y130         FDPE                                         r  rx_reset_sync_reg[1]/C
  -------------------------------------------------------------------    -------------------
    SLICE_X0Y130         FDPE (Prop_fdpe_C_Q)         0.419     5.700 f  rx_reset_sync_reg[1]/Q
                         net (fo=1270, routed)       11.984    17.685    u_mii_rx/out[0]
    SLICE_X67Y183        FDCE                                         f  u_mii_rx/byte_data_reg[2]_rep__9/CLR
  -------------------------------------------------------------------    -------------------

                         (clock eth_rx_clk_in rise edge)
                                                     40.000    40.000 r  <hidden>
    F15                                               0.000    40.000 r  eth_rx_clk
                         net (fo=0)                   0.000    40.000    eth_rx_clk
    F15                  IBUF (Prop_ibuf_I_O)         1.403    41.403 r  eth_rx_clk_IBUF_inst/O
                         net (fo=1, routed)           1.911    43.314    eth_rx_clk_IBUF
    BUFGCTRL_X0Y17       BUFG (Prop_bufg_I_O)         0.091    43.405 r  eth_rx_clk_IBUF_BUFG_inst/O
                         net (fo=13871, routed)       1.663    45.068    u_mii_rx/eth_rx_clk_IBUF_BUFG
    SLICE_X67Y183        FDCE                                         r  u_mii_rx/byte_data_reg[2]_rep__9/C
                         clock pessimism              0.188    45.256    <hidden>
                         clock uncertainty           -0.035    45.220    <hidden>
    SLICE_X67Y183        FDCE (Recov_fdce_C_CLR)     -0.580    44.640    u_mii_rx/byte_data_reg[2]_rep__9
  -------------------------------------------------------------------
                         required time                         44.640    <hidden>
                         arrival time                         -17.685    <hidden>
  -------------------------------------------------------------------
                         slack                                 26.955    <hidden>





Min Delay Paths
--------------------------------------------------------------------------------------
Slack (MET) :             0.424ns  (arrival time - required time)
  Source:                 rx_reset_sync_reg[1]/C
                            (rising edge-triggered cell FDPE clocked by eth_rx_clk_in  {rise@0.000ns fall@20.000ns period=40.000ns})
  Destination:            u_frame_rx/good_frames_reg[0]/CLR
                            (removal check against rising-edge clock eth_rx_clk_in  {rise@0.000ns fall@20.000ns period=40.000ns})
  Path Group:             **async_default**
  Path Type:              Removal (Min at Fast Process Corner)
  Requirement:            0.000ns  (eth_rx_clk_in rise@0.000ns - eth_rx_clk_in rise@0.000ns)
  Data Path Delay:        0.317ns  (logic 0.128ns (40.387%)  route 0.189ns (59.613%))
  Logic Levels:           0  
  Clock Path Skew:        0.014ns (DCD - SCD - CPR)
    Destination Clock Delay (DCD):    2.013ns
    Source Clock Delay      (SCD):    1.497ns
    Clock Pessimism Removal (CPR):    0.502ns

    Location             Delay type                Incr(ns)  Path(ns)    Netlist Resource(s)
  -------------------------------------------------------------------    -------------------
                         (clock eth_rx_clk_in rise edge)
                                                      0.000     0.000 r  <hidden>
    F15                                               0.000     0.000 r  eth_rx_clk
                         net (fo=0)                   0.000     0.000    eth_rx_clk
    F15                  IBUF (Prop_ibuf_I_O)         0.241     0.241 r  eth_rx_clk_IBUF_inst/O
                         net (fo=1, routed)           0.640     0.881    eth_rx_clk_IBUF
    BUFGCTRL_X0Y17       BUFG (Prop_bufg_I_O)         0.026     0.907 r  eth_rx_clk_IBUF_BUFG_inst/O
                         net (fo=13871, routed)       0.590     1.497    eth_rx_clk_IBUF_BUFG
    SLICE_X0Y130         FDPE                                         r  rx_reset_sync_reg[1]/C
  -------------------------------------------------------------------    -------------------
    SLICE_X0Y130         FDPE (Prop_fdpe_C_Q)         0.128     1.625 f  rx_reset_sync_reg[1]/Q
                         net (fo=1270, routed)        0.189     1.814    u_frame_rx/out[0]
    SLICE_X2Y130         FDCE                                         f  u_frame_rx/good_frames_reg[0]/CLR
  -------------------------------------------------------------------    -------------------

                         (clock eth_rx_clk_in rise edge)
                                                      0.000     0.000 r  <hidden>
    F15                                               0.000     0.000 r  eth_rx_clk
                         net (fo=0)                   0.000     0.000    eth_rx_clk
    F15                  IBUF (Prop_ibuf_I_O)         0.429     0.429 r  eth_rx_clk_IBUF_inst/O
                         net (fo=1, routed)           0.695     1.123    eth_rx_clk_IBUF
    BUFGCTRL_X0Y17       BUFG (Prop_bufg_I_O)         0.029     1.152 r  eth_rx_clk_IBUF_BUFG_inst/O
                         net (fo=13871, routed)       0.860     2.013    u_frame_rx/eth_rx_clk_IBUF_BUFG
    SLICE_X2Y130         FDCE                                         r  u_frame_rx/good_frames_reg[0]/C
                         clock pessimism             -0.502     1.511    <hidden>
    SLICE_X2Y130         FDCE (Remov_fdce_C_CLR)     -0.121     1.390    u_frame_rx/good_frames_reg[0]
  -------------------------------------------------------------------
                         required time                         -1.390    <hidden>
                         arrival time                           1.814    <hidden>
  -------------------------------------------------------------------
                         slack                                  0.424    <hidden>





